2025-02-24 09:05:12,347 [ERROR] WebApp:397 - JxBrowser engine crashed! Exit code: -2147483645
2025-02-24 09:18:12,361 [ERROR] LogOutputStream:75 - [STDERR_REDIRECT] 
2025-02-24 09:18:12,361 [ERROR] LogOutputStream:75 - [STDERR_REDIRECT] 
2025-02-24 09:18:26,234 [INFO] Activator:176 - 


2025-02-24 09:18:26,234 [INFO] Activator:177 - !SESSION log4j initialized
2025-02-24 09:18:31,035 [INFO] LogOutputStream:77 - [STDOUT_REDIRECT] 
2025-02-24 09:18:31,935 [INFO] ApplicationProperties:184 - Using Application install path: C:\ST\STM32CubeIDE_1.16.1\STM32CubeIDE\plugins\com.st.stm32cube.common.mx_6.12.1.202409122256
2025-02-24 09:18:31,970 [INFO] DbMcusXml:78 - Set database path to: C:\ST\STM32CubeIDE_1.16.1\STM32CubeIDE\plugins\com.st.stm32cube.common.mx_6.12.1.202409122256\\db\/mcu/
2025-02-24 09:18:31,970 [INFO] ApiDb:274 - Set plugin database path to: C:\ST\STM32CubeIDE_1.16.1\STM32CubeIDE\plugins\com.st.stm32cube.common.mx_6.12.1.202409122256\\db\/plugins/boardmanager/
2025-02-24 09:18:31,970 [WARN] ApiDb:259 - Overriding images path with different value:  => C:\ST\STM32CubeIDE_1.16.1\STM32CubeIDE\plugins\com.st.stm32cube.common.mx_6.12.1.202409122256\\db\/plugins/mcufinder/images/
2025-02-24 09:18:31,983 [INFO] ApiDb:250 - Set database path to: C:\Users\dtc20\.stmcufinder\plugins\mcufinder//mcu/
2025-02-24 09:18:31,984 [INFO] DbMcusAds:125 - Set database path to: C:\Users\dtc20\.stmcufinder\plugins\mcufinder//mcu/
2025-02-24 09:18:31,987 [INFO] CrossReferenceDbSqlite:203 - Set database path to: C:\Users\dtc20\.stmcufinder\plugins\mcufinder//mcu/cs/
2025-02-24 09:18:32,083 [INFO] RulesReader:64 - Compatibility file has been processed (297 Rules)
2025-02-24 09:18:32,174 [INFO] DbMcusXml:78 - Set database path to: C:\ST\STM32CubeIDE_1.16.1\STM32CubeIDE\plugins\com.st.stm32cube.common.mx_6.12.1.202409122256\\db\/mcu/
2025-02-24 09:18:32,174 [INFO] ApiDb:274 - Set plugin database path to: C:\ST\STM32CubeIDE_1.16.1\STM32CubeIDE\plugins\com.st.stm32cube.common.mx_6.12.1.202409122256\\db\/plugins/boardmanager/
2025-02-24 09:18:32,175 [INFO] ApiDb:261 - Set plugin images path to: C:\ST\STM32CubeIDE_1.16.1\STM32CubeIDE\plugins\com.st.stm32cube.common.mx_6.12.1.202409122256\\db\/plugins/mcufinder/images/
2025-02-24 09:18:32,175 [WARN] DbFile:41 - Overriding database path with different value: C:\Users\dtc20\.stmcufinder\plugins\mcufinder/ => C:\Users\dtc20\.stmcufinder\plugins\mcufinder
2025-02-24 09:18:32,175 [INFO] ApiDb:250 - Set database path to: C:\Users\dtc20\.stmcufinder\plugins\mcufinder//mcu/
2025-02-24 09:18:32,175 [WARN] DbFile:41 - Overriding database path with different value: C:\Users\dtc20\.stmcufinder\plugins\mcufinder/ => C:\Users\dtc20\.stmcufinder\plugins\mcufinder
2025-02-24 09:18:32,175 [INFO] DbMcusAds:125 - Set database path to: C:\Users\dtc20\.stmcufinder\plugins\mcufinder//mcu/
2025-02-24 09:18:32,175 [WARN] DbFile:41 - Overriding database path with different value: C:\Users\dtc20\.stmcufinder\plugins\mcufinder/ => C:\Users\dtc20\.stmcufinder\plugins\mcufinder
2025-02-24 09:18:32,175 [WARN] DbFile:41 - Overriding database path with different value: C:\Users\dtc20\.stmcufinder\plugins\mcufinder/ => C:\Users\dtc20\.stmcufinder\plugins\mcufinder
2025-02-24 09:18:32,175 [INFO] CrossReferenceDbSqlite:203 - Set database path to: C:\Users\dtc20\.stmcufinder\plugins\mcufinder//mcu/cs/
2025-02-24 09:18:32,254 [INFO] MainPanel:268 - HeapMemory: 268435456
2025-02-24 09:18:32,354 [INFO] DbMcusXml:78 - Set database path to: C:\ST\STM32CubeIDE_1.16.1\STM32CubeIDE\plugins\com.st.stm32cube.common.mx_6.12.1.202409122256\\db\/mcu/
2025-02-24 09:18:32,354 [INFO] ApiDb:274 - Set plugin database path to: C:\ST\STM32CubeIDE_1.16.1\STM32CubeIDE\plugins\com.st.stm32cube.common.mx_6.12.1.202409122256\\db\/plugins/boardmanager/
2025-02-24 09:18:32,354 [INFO] ApiDb:261 - Set plugin images path to: C:\ST\STM32CubeIDE_1.16.1\STM32CubeIDE\plugins\com.st.stm32cube.common.mx_6.12.1.202409122256\\db\/plugins/mcufinder/images/
2025-02-24 09:18:32,354 [WARN] DbFile:41 - Overriding database path with different value: C:\Users\dtc20\.stmcufinder\plugins\mcufinder/ => C:\Users\dtc20\.stmcufinder\plugins\mcufinder
2025-02-24 09:18:32,355 [INFO] ApiDb:250 - Set database path to: C:\Users\dtc20\.stmcufinder\plugins\mcufinder//mcu/
2025-02-24 09:18:32,355 [WARN] DbFile:41 - Overriding database path with different value: C:\Users\dtc20\.stmcufinder\plugins\mcufinder/ => C:\Users\dtc20\.stmcufinder\plugins\mcufinder
2025-02-24 09:18:32,355 [INFO] DbMcusAds:125 - Set database path to: C:\Users\dtc20\.stmcufinder\plugins\mcufinder//mcu/
2025-02-24 09:18:32,355 [WARN] DbFile:41 - Overriding database path with different value: C:\Users\dtc20\.stmcufinder\plugins\mcufinder/ => C:\Users\dtc20\.stmcufinder\plugins\mcufinder
2025-02-24 09:18:32,355 [WARN] DbFile:41 - Overriding database path with different value: C:\Users\dtc20\.stmcufinder\plugins\mcufinder/ => C:\Users\dtc20\.stmcufinder\plugins\mcufinder
2025-02-24 09:18:32,355 [INFO] CrossReferenceDbSqlite:203 - Set database path to: C:\Users\dtc20\.stmcufinder\plugins\mcufinder//mcu/cs/
2025-02-24 09:18:32,373 [INFO] ApplicationProperties:184 - Using Application install path: C:\ST\STM32CubeIDE_1.16.1\STM32CubeIDE\plugins\com.st.stm32cube.common.mx_6.12.1.202409122256
2025-02-24 09:18:32,374 [INFO] PluginManage:196 - Search for loadable plugins [exclusion list=, ]
2025-02-24 09:18:32,375 [INFO] PluginManage:310 - Check plugin analytics
2025-02-24 09:18:32,539 [INFO] AnalyticsPlugin:253 - Accepted Software Licenses: STM32CubeMX.6.12.1
2025-02-24 09:18:32,540 [INFO] AnalyticsPlugin:255 - Accepted CMSIS Pack Licenses: 
2025-02-24 09:18:32,540 [INFO] AnalyticsPlugin:257 - Accepted Firmware Licenses: 
2025-02-24 09:18:32,543 [INFO] PluginManage:359 - Loaded plugin analytics (category:tool,tabindex:-1)
2025-02-24 09:18:32,544 [INFO] PluginManage:310 - Check plugin cadmodel
2025-02-24 09:18:32,547 [INFO] CADModel:105 - Init CAD model plugin
2025-02-24 09:18:32,549 [INFO] PluginManage:359 - Loaded plugin cadmodel (category:power,tabindex:5)
2025-02-24 09:18:32,549 [INFO] PluginManage:310 - Check plugin clock
2025-02-24 09:18:32,559 [INFO] PluginManage:359 - Loaded plugin clock (category:base,tabindex:2)
2025-02-24 09:18:32,559 [INFO] PluginManage:310 - Check plugin ddr
2025-02-24 09:18:32,562 [INFO] PluginManage:359 - Loaded plugin ddr (category:tool,tabindex:6)
2025-02-24 09:18:32,562 [INFO] PluginManage:310 - Check plugin filemanager
2025-02-24 09:18:32,716 [INFO] PluginManage:359 - Loaded plugin filemanager (category:base,tabindex:10)
2025-02-24 09:18:32,716 [INFO] PluginManage:310 - Check plugin ipmanager
2025-02-24 09:18:32,723 [INFO] PluginManage:359 - Loaded plugin ipmanager (category:base,tabindex:5)
2025-02-24 09:18:32,725 [INFO] PluginManage:310 - Check plugin lpbam
2025-02-24 09:18:32,733 [INFO] PluginManage:359 - Loaded plugin lpbam (category:base,tabindex:0)
2025-02-24 09:18:32,733 [INFO] PluginManage:310 - Check plugin memorymap
2025-02-24 09:18:32,747 [INFO] PluginManage:359 - Loaded plugin memorymap (category:base,tabindex:4)
2025-02-24 09:18:32,747 [INFO] PluginManage:310 - Check plugin pinoutandconfiguration
2025-02-24 09:18:32,754 [INFO] PluginManage:359 - Loaded plugin pinoutandconfiguration (category:base,tabindex:1)
2025-02-24 09:18:32,754 [INFO] PluginManage:310 - Check plugin pinoutconfig
2025-02-24 09:18:32,824 [WARN] SupportedApi:132 - Cannot load RTOS API schema: s4s-elt-must-match.1: The content of 'definitions' must match (annotation?, (simpleType | complexType)?, (unique | key | keyref)*)). A problem was found starting at: attribute.
2025-02-24 09:18:32,931 [INFO] PluginManage:359 - Loaded plugin pinoutconfig (category:base,tabindex:0)
2025-02-24 09:18:32,931 [INFO] PluginManage:310 - Check plugin power
2025-02-24 09:18:32,938 [INFO] PluginManage:359 - Loaded plugin power (category:power,tabindex:4)
2025-02-24 09:18:32,938 [INFO] PluginManage:310 - Check plugin projectmanager
2025-02-24 09:18:32,952 [INFO] PluginManage:359 - Loaded plugin projectmanager (category:projectmanager,tabindex:4)
2025-02-24 09:18:32,952 [INFO] PluginManage:310 - Check plugin rif
2025-02-24 09:18:32,958 [INFO] PluginManage:359 - Loaded plugin rif (category:base,tabindex:3)
2025-02-24 09:18:32,958 [INFO] PluginManage:310 - Check plugin thirdparty
2025-02-24 09:18:33,062 [WARN] IntegrityCheckThread:84 - waiting for thirdparty lock release [integrity check]
2025-02-24 09:18:33,062 [INFO] IntegrityCheckThread:86 - entering critical section [integrity check]
2025-02-24 09:18:33,062 [INFO] PluginManage:359 - Loaded plugin thirdparty (category:base,tabindex:-1)
2025-02-24 09:18:33,062 [INFO] PluginManage:310 - Check plugin tools
2025-02-24 09:18:33,062 [INFO] ThirdPartyUpdaterWithRetryManager:70 - Updater plugin not ready yet. [1/15]
2025-02-24 09:18:33,066 [INFO] PluginManage:359 - Loaded plugin tools (category:base,tabindex:7)
2025-02-24 09:18:33,066 [INFO] PluginManage:310 - Check plugin tutovideos
2025-02-24 09:18:33,217 [INFO] PluginManage:359 - Loaded plugin tutovideos (category:base,tabindex:-1)
2025-02-24 09:18:33,219 [INFO] PluginManage:310 - Check plugin updater
2025-02-24 09:18:33,234 [INFO] PluginManage:359 - Loaded plugin updater (category:base,tabindex:12)
2025-02-24 09:18:33,234 [INFO] PluginManage:310 - Check plugin userauth
2025-02-24 09:18:33,240 [INFO] UserAuth:113 - Init User Auth plugin
2025-02-24 09:18:33,240 [INFO] PluginManage:359 - Loaded plugin userauth (category:base,tabindex:14)
2025-02-24 09:18:33,240 [INFO] PluginManage:283 - PluginManage : Loaded plugins [18]
2025-02-24 09:18:33,421 [INFO] PinOutPanel:1561 - setPackage(No Configuration,No Configuration)
2025-02-24 09:18:33,496 [INFO] CADModel:165 - CPN selected for project level
2025-02-24 09:18:33,496 [INFO] CADModel:114 - Register for checkConnection events
2025-02-24 09:18:33,511 [INFO] IPUIPlugin:80 - create IPUIPlugin
2025-02-24 09:18:33,511 [INFO] PluginManager:220 - loadIPPluginJar : add adc
2025-02-24 09:18:33,513 [INFO] IPUIPlugin:80 - create IPUIPlugin
2025-02-24 09:18:33,513 [INFO] PluginManager:220 - loadIPPluginJar : add aes
2025-02-24 09:18:33,515 [INFO] IPUIPlugin:80 - create IPUIPlugin
2025-02-24 09:18:33,515 [INFO] PluginManager:220 - loadIPPluginJar : add can
2025-02-24 09:18:33,516 [INFO] IPUIPlugin:80 - create IPUIPlugin
2025-02-24 09:18:33,516 [INFO] PluginManager:220 - loadIPPluginJar : add comp
2025-02-24 09:18:33,519 [INFO] IPUIPlugin:80 - create IPUIPlugin
2025-02-24 09:18:33,519 [INFO] PluginManager:220 - loadIPPluginJar : add cryp
2025-02-24 09:18:33,521 [INFO] IPUIPlugin:80 - create IPUIPlugin
2025-02-24 09:18:33,521 [INFO] PluginManager:220 - loadIPPluginJar : add ddr_ctrl_phy
2025-02-24 09:18:33,523 [INFO] IPUIPlugin:80 - create IPUIPlugin
2025-02-24 09:18:33,523 [INFO] PluginManager:220 - loadIPPluginJar : add dfsdm
2025-02-24 09:18:33,527 [INFO] IPUIPlugin:80 - create IPUIPlugin
2025-02-24 09:18:33,528 [INFO] PluginManager:220 - loadIPPluginJar : add dma
2025-02-24 09:18:33,530 [INFO] IPUIPlugin:80 - create IPUIPlugin
2025-02-24 09:18:33,530 [INFO] PluginManager:220 - loadIPPluginJar : add dma3
2025-02-24 09:18:33,533 [INFO] IPUIPlugin:80 - create IPUIPlugin
2025-02-24 09:18:33,533 [INFO] PluginManager:220 - loadIPPluginJar : add extmemmanager
2025-02-24 09:18:33,534 [INFO] IPUIPlugin:80 - create IPUIPlugin
2025-02-24 09:18:33,534 [INFO] PluginManager:220 - loadIPPluginJar : add fatfs
2025-02-24 09:18:33,537 [INFO] IPUIPlugin:80 - create IPUIPlugin
2025-02-24 09:18:33,537 [INFO] PluginManager:220 - loadIPPluginJar : add fmc
2025-02-24 09:18:33,543 [INFO] IPUIPlugin:80 - create IPUIPlugin
2025-02-24 09:18:33,544 [INFO] PluginManager:220 - loadIPPluginJar : add freertos
2025-02-24 09:18:33,545 [INFO] IPUIPlugin:80 - create IPUIPlugin
2025-02-24 09:18:33,545 [INFO] PluginManager:220 - loadIPPluginJar : add genericplugin
2025-02-24 09:18:33,547 [INFO] IPUIPlugin:80 - create IPUIPlugin
2025-02-24 09:18:33,547 [INFO] PluginManager:220 - loadIPPluginJar : add gfxmmu
2025-02-24 09:18:33,550 [INFO] IPUIPlugin:80 - create IPUIPlugin
2025-02-24 09:18:33,550 [INFO] PluginManager:220 - loadIPPluginJar : add gic
2025-02-24 09:18:33,553 [INFO] IPUIPlugin:80 - create IPUIPlugin
2025-02-24 09:18:33,554 [INFO] PluginManager:220 - loadIPPluginJar : add gpio
2025-02-24 09:18:33,556 [INFO] IPUIPlugin:80 - create IPUIPlugin
2025-02-24 09:18:33,556 [INFO] PluginManager:220 - loadIPPluginJar : add gtzc
2025-02-24 09:18:33,557 [INFO] IPUIPlugin:80 - create IPUIPlugin
2025-02-24 09:18:33,557 [INFO] PluginManager:220 - loadIPPluginJar : add hash
2025-02-24 09:18:33,559 [INFO] IPUIPlugin:80 - create IPUIPlugin
2025-02-24 09:18:33,559 [INFO] PluginManager:220 - loadIPPluginJar : add i2c
2025-02-24 09:18:33,560 [INFO] IPUIPlugin:80 - create IPUIPlugin
2025-02-24 09:18:33,560 [INFO] PluginManager:220 - loadIPPluginJar : add i2s
2025-02-24 09:18:33,562 [INFO] IPUIPlugin:80 - create IPUIPlugin
2025-02-24 09:18:33,562 [INFO] PluginManager:220 - loadIPPluginJar : add i3c
2025-02-24 09:18:33,564 [INFO] IPUIPlugin:80 - create IPUIPlugin
2025-02-24 09:18:33,564 [INFO] PluginManager:220 - loadIPPluginJar : add ipddr
2025-02-24 09:18:33,571 [INFO] IPUIPlugin:80 - create IPUIPlugin
2025-02-24 09:18:33,571 [INFO] PluginManager:220 - loadIPPluginJar : add linkedlist
2025-02-24 09:18:33,572 [INFO] IPUIPlugin:80 - create IPUIPlugin
2025-02-24 09:18:33,572 [INFO] PluginManager:220 - loadIPPluginJar : add lorawan
2025-02-24 09:18:33,573 [INFO] IPUIPlugin:80 - create IPUIPlugin
2025-02-24 09:18:33,573 [INFO] PluginManager:220 - loadIPPluginJar : add ltdc
2025-02-24 09:18:33,576 [INFO] IPUIPlugin:80 - create IPUIPlugin
2025-02-24 09:18:33,576 [INFO] PluginManager:220 - loadIPPluginJar : add mdma
2025-02-24 09:18:33,578 [INFO] IPUIPlugin:80 - create IPUIPlugin
2025-02-24 09:18:33,578 [INFO] PluginManager:220 - loadIPPluginJar : add nvic
2025-02-24 09:18:33,580 [INFO] IPUIPlugin:80 - create IPUIPlugin
2025-02-24 09:18:33,580 [INFO] PluginManager:220 - loadIPPluginJar : add opamp
2025-02-24 09:18:33,583 [INFO] IPUIPlugin:80 - create IPUIPlugin
2025-02-24 09:18:33,583 [INFO] PluginManager:220 - loadIPPluginJar : add openamp
2025-02-24 09:18:33,585 [INFO] IPUIPlugin:80 - create IPUIPlugin
2025-02-24 09:18:33,585 [INFO] PluginManager:220 - loadIPPluginJar : add pdm2pcm
2025-02-24 09:18:33,589 [INFO] IPUIPlugin:80 - create IPUIPlugin
2025-02-24 09:18:33,591 [INFO] PluginManager:220 - loadIPPluginJar : add plateformsettings
2025-02-24 09:18:33,593 [INFO] IPUIPlugin:80 - create IPUIPlugin
2025-02-24 09:18:33,593 [INFO] PluginManager:220 - loadIPPluginJar : add quadspi
2025-02-24 09:18:33,595 [INFO] IPUIPlugin:80 - create IPUIPlugin
2025-02-24 09:18:33,595 [INFO] PluginManager:220 - loadIPPluginJar : add radio
2025-02-24 09:18:33,598 [INFO] IPUIPlugin:80 - create IPUIPlugin
2025-02-24 09:18:33,598 [INFO] PluginManager:220 - loadIPPluginJar : add resmgrutility
2025-02-24 09:18:33,599 [INFO] IPUIPlugin:80 - create IPUIPlugin
2025-02-24 09:18:33,599 [INFO] PluginManager:220 - loadIPPluginJar : add sai
2025-02-24 09:18:33,601 [INFO] IPUIPlugin:80 - create IPUIPlugin
2025-02-24 09:18:33,601 [INFO] PluginManager:220 - loadIPPluginJar : add spi
2025-02-24 09:18:33,605 [INFO] IPUIPlugin:80 - create IPUIPlugin
2025-02-24 09:18:33,605 [INFO] PluginManager:220 - loadIPPluginJar : add stm32_wpan
2025-02-24 09:18:33,606 [INFO] IPUIPlugin:80 - create IPUIPlugin
2025-02-24 09:18:33,606 [INFO] PluginManager:220 - loadIPPluginJar : add tim
2025-02-24 09:18:33,609 [INFO] IPUIPlugin:80 - create IPUIPlugin
2025-02-24 09:18:33,609 [INFO] PluginManager:220 - loadIPPluginJar : add touchsensing
2025-02-24 09:18:33,610 [INFO] IPUIPlugin:80 - create IPUIPlugin
2025-02-24 09:18:33,610 [INFO] PluginManager:220 - loadIPPluginJar : add tracer_emb
2025-02-24 09:18:33,612 [INFO] IPUIPlugin:80 - create IPUIPlugin
2025-02-24 09:18:33,612 [INFO] PluginManager:220 - loadIPPluginJar : add ts
2025-02-24 09:18:33,613 [INFO] IPUIPlugin:80 - create IPUIPlugin
2025-02-24 09:18:33,613 [INFO] PluginManager:220 - loadIPPluginJar : add tsc
2025-02-24 09:18:33,615 [INFO] IPUIPlugin:80 - create IPUIPlugin
2025-02-24 09:18:33,615 [INFO] PluginManager:220 - loadIPPluginJar : add ucpd
2025-02-24 09:18:33,617 [INFO] IPUIPlugin:80 - create IPUIPlugin
2025-02-24 09:18:33,617 [INFO] PluginManager:220 - loadIPPluginJar : add usart
2025-02-24 09:18:33,619 [INFO] IPUIPlugin:80 - create IPUIPlugin
2025-02-24 09:18:33,619 [INFO] PluginManager:220 - loadIPPluginJar : add usbx
2025-02-24 09:18:33,728 [INFO] CADModel:165 - CPN selected for project level
2025-02-24 09:18:33,728 [INFO] CADModel:114 - Register for checkConnection events
2025-02-24 09:18:33,728 [FATAL] Updater:334 - Updater called before beeing initialized
2025-02-24 09:18:33,728 [ERROR] CADModel:125 - Updater not yet initialized, retry later 
2025-02-24 09:18:33,838 [INFO] CADModel:165 - CPN selected for project level
2025-02-24 09:18:33,839 [INFO] CADModel:114 - Register for checkConnection events
2025-02-24 09:18:33,839 [FATAL] Updater:334 - Updater called before beeing initialized
2025-02-24 09:18:33,839 [ERROR] CADModel:125 - Updater not yet initialized, retry later 
2025-02-24 09:18:33,841 [FATAL] Updater:334 - Updater called before beeing initialized
2025-02-24 09:18:33,917 [FATAL] Updater:334 - Updater called before beeing initialized
2025-02-24 09:18:33,921 [INFO] DbMcusAds:53 - JSON generation date=Wed Dec 18 00:01:15 SGT 2024 (1734451275111)
2025-02-24 09:18:33,921 [FATAL] Updater:334 - Updater called before beeing initialized
2025-02-24 09:18:33,951 [WARN] DetailPanel:346 - Failed to get advertising image, set to default
2025-02-24 09:18:34,025 [FATAL] Updater:334 - Updater called before beeing initialized
2025-02-24 09:18:34,026 [FATAL] Updater:334 - Updater called before beeing initialized
2025-02-24 09:18:34,027 [FATAL] Updater:334 - Updater called before beeing initialized
2025-02-24 09:18:34,027 [WARN] DetailPanel:346 - Failed to get advertising image, set to default
2025-02-24 09:18:34,028 [FATAL] Updater:334 - Updater called before beeing initialized
2025-02-24 09:18:34,062 [ERROR] Updater:1164 - MainUpdater not yet initialized. External WinMGr cannot be set.
2025-02-24 09:18:34,064 [INFO] Updater:1100 - Updater Version found : 6.12.1
2025-02-24 09:18:34,079 [INFO] ApplicationProperties:184 - Using Application install path: C:\ST\STM32CubeIDE_1.16.1\STM32CubeIDE\plugins\com.st.stm32cube.common.mx_6.12.1.202409122256
2025-02-24 09:18:35,646 [ERROR] LogOutputStream:75 - [STDERR_REDIRECT] Feb 24, 2025 9:18:35 AM java.util.prefs.WindowsPreferences <init>
2025-02-24 09:18:35,647 [ERROR] LogOutputStream:75 - [STDERR_REDIRECT] WARNING: Could not open/create prefs root node Software\JavaSoft\Prefs at root 0xffffffff80000002. Windows RegCreateKeyEx(...) returned error code 5.
2025-02-24 09:18:35,648 [ERROR] LogOutputStream:75 - [STDERR_REDIRECT] 
2025-02-24 09:18:35,913 [INFO] MainUpdater:2873 - connection check result : 10
2025-02-24 09:18:35,913 [INFO] MainUpdater:290 - Updater Check For Update Now.
2025-02-24 09:18:35,914 [INFO] MicroXplorer:498 - Change Database Version : DB.6.0.121
2025-02-24 09:18:35,918 [INFO] McuFinderGlobals:63 - Set McuFinder mode to 2 (CubeIDE integrated)
2025-02-24 09:18:35,919 [INFO] UserAuth:179 - activating auth plugin
2025-02-24 09:18:35,921 [INFO] UserAuth:417 - Internet connection configuration mode: 1
2025-02-24 09:18:35,962 [INFO] JxBrowserEngine:152 - Initiate JxBrowser Engine with user profile folder
2025-02-24 09:18:36,064 [WARN] MainUpdater:1194 - Updater busy. Cannot search thirdparties
2025-02-24 09:18:36,064 [INFO] ThirdPartyUpdaterWithRetryManager:96 - Updater plugin is busy. [1/15]
2025-02-24 09:18:36,098 [INFO] CheckServerUpdateThread:120 - End of CheckServer Thread
2025-02-24 09:18:36,617 [INFO] WebApp:167 - Instantiating new browser for Auth
2025-02-24 09:18:37,295 [INFO] WebApp:448 - Apply proxy settings
2025-02-24 09:18:37,296 [INFO] WebApp:533 - Chromium requires no authentication
2025-02-24 09:18:37,319 [INFO] WebApp:476 - Direct internet connection detected
2025-02-24 09:18:37,353 [INFO] WebApp:869 - Register for checkConnection events
2025-02-24 09:18:37,353 [INFO] WebApp:448 - Apply proxy settings
2025-02-24 09:18:37,353 [INFO] WebApp:533 - Chromium requires no authentication
2025-02-24 09:18:37,353 [INFO] WebApp:476 - Direct internet connection detected
2025-02-24 09:18:37,451 [INFO] WebApp:186 - Connection restablished
2025-02-24 09:18:37,568 [INFO] WebApp:220 - Starting web application
2025-02-24 09:18:37,569 [INFO] WebApp:578 - Web application path used C:\ST\STM32CubeIDE_1.16.1\STM32CubeIDE\plugins\com.st.stm32cube.common.mx_6.12.1.202409122256\db\plugins\mcufinder\reactClient1\index.html
2025-02-24 09:18:39,250 [WARN] PackLoader:240 - Cannot read IP mode file for STMicroelectronics.FP-SNS-MOTENVWB1.1.4.0
2025-02-24 09:18:39,258 [WARN] PackLoader:240 - Cannot read IP mode file for STMicroelectronics.FP-ATR-ASTRA1.2.0.1
2025-02-24 09:18:39,264 [WARN] PackLoader:240 - Cannot read IP mode file for STMicroelectronics.X-CUBE-SMBUS.2.1.0
2025-02-24 09:18:39,272 [WARN] PackLoader:240 - Cannot read IP mode file for STMicroelectronics.X-CUBE-WB05N.1.1.0
2025-02-24 09:18:39,294 [WARN] PackLoader:240 - Cannot read IP mode file for STMicroelectronics.X-CUBE-AZRTOS-F7.1.1.0
2025-02-24 09:18:39,351 [WARN] PackLoader:240 - Cannot read IP mode file for STMicroelectronics.X-CUBE-MEMS1.11.0.0
2025-02-24 09:18:39,468 [WARN] PackLoader:240 - Cannot read IP mode file for STMicroelectronics.FP-SNS-FLIGHT1.5.0.2
2025-02-24 09:18:39,476 [WARN] PackLoader:240 - Cannot read IP mode file for STMicroelectronics.X-CUBE-DISPLAY.3.0.0
2025-02-24 09:18:39,482 [WARN] PackLoader:240 - Cannot read IP mode file for STMicroelectronics.X-CUBE-BLE1.7.0.0
2025-02-24 09:18:39,488 [WARN] PackLoader:240 - Cannot read IP mode file for STMicroelectronics.X-CUBE-NFC10.1.0.0
2025-02-24 09:18:39,496 [WARN] PackLoader:240 - Cannot read IP mode file for STMicroelectronics.X-CUBE-BLEMGR.4.0.0
2025-02-24 09:18:39,504 [WARN] PackLoader:240 - Cannot read IP mode file for emotas.I-CUBE-CANOPEN.1.3.0
2025-02-24 09:18:39,513 [WARN] PackLoader:240 - Cannot read IP mode file for STMicroelectronics.X-CUBE-BLEMGR.3.1.0
2025-02-24 09:18:39,519 [WARN] PackLoader:240 - Cannot read IP mode file for STMicroelectronics.X-CUBE-AI.10.0.0
2025-02-24 09:18:39,524 [WARN] PackLoader:240 - Cannot read IP mode file for STMicroelectronics.FP-SNS-SMARTAG2.1.2.0
2025-02-24 09:18:39,565 [WARN] PackLoader:240 - Cannot read IP mode file for STMicroelectronics.X-CUBE-MEMS1.11.1.0
2025-02-24 09:18:39,678 [INFO] LogOutputStream:77 - [STDOUT_REDIRECT] 1 : Invalid condition id : UX_CORESTACK_Condition cause : null
2025-02-24 09:18:39,678 [INFO] LogOutputStream:77 - [STDOUT_REDIRECT] 1 : Invalid condition id : UX_CORESTACK_Condition cause : null
2025-02-24 09:18:39,680 [INFO] LogOutputStream:77 - [STDOUT_REDIRECT] 1 : Invalid condition id : UX_CORESTACK_Condition cause : null
2025-02-24 09:18:39,681 [INFO] LogOutputStream:77 - [STDOUT_REDIRECT] 1 : Invalid condition id : UX_CORESTACK_Condition cause : null
2025-02-24 09:18:39,682 [INFO] LogOutputStream:77 - [STDOUT_REDIRECT] 1 : Invalid condition id : UX_CORESTACK_Condition cause : null
2025-02-24 09:18:39,684 [WARN] PackLoader:240 - Cannot read IP mode file for STMicroelectronics.X-CUBE-AZRTOS-WL.2.0.0
2025-02-24 09:18:39,690 [WARN] PackLoader:240 - Cannot read IP mode file for STMicroelectronics.FP-SNS-MOTENV1.5.0.0
2025-02-24 09:18:39,696 [WARN] PackLoader:240 - Cannot read IP mode file for wolfSSL.I-CUBE-wolfMQTT.1.19.0
2025-02-24 09:18:39,705 [WARN] PackLoader:240 - Cannot read IP mode file for WES.I-CUBE-Cesium.1.3.0
2025-02-24 09:18:39,711 [WARN] PackLoader:240 - Cannot read IP mode file for STMicroelectronics.X-CUBE-BLE2.3.3.0
2025-02-24 09:18:39,719 [WARN] PackLoader:240 - Cannot read IP mode file for STMicroelectronics.X-CUBE-NFC9.1.0.0
2025-02-24 09:18:39,727 [WARN] PackLoader:240 - Cannot read IP mode file for STMicroelectronics.X-CUBE-TCPP.4.1.0
2025-02-24 09:18:39,743 [WARN] PackLoader:240 - Cannot read IP mode file for STMicroelectronics.X-CUBE-AZRTOS-G0.1.1.0
2025-02-24 09:18:39,752 [WARN] PackLoader:240 - Cannot read IP mode file for STMicroelectronics.X-CUBE-SAFEA1.1.2.2
2025-02-24 09:18:39,758 [WARN] PackLoader:240 - Cannot read IP mode file for STMicroelectronics.X-CUBE-NFC4.3.0.0
2025-02-24 09:18:39,769 [WARN] PackLoader:240 - Cannot read IP mode file for EmbeddedOffice.I-CUBE-FS-RTOS.1.0.1
2025-02-24 09:18:39,769 [ERROR] ConditionMgr:805 - Attr not supported : Dmpu
2025-02-24 09:18:39,769 [ERROR] ConditionMgr:805 - Attr not supported : Dmpu
2025-02-24 09:18:39,770 [ERROR] ConditionMgr:805 - Attr not supported : Dmpu
2025-02-24 09:18:39,770 [ERROR] ConditionMgr:805 - Attr not supported : Dmpu
2025-02-24 09:18:39,770 [ERROR] ConditionMgr:805 - Attr not supported : Dmpu
2025-02-24 09:18:39,770 [ERROR] ConditionMgr:805 - Attr not supported : Dmpu
2025-02-24 09:18:39,770 [ERROR] ConditionMgr:805 - Attr not supported : Dmpu
2025-02-24 09:18:39,770 [ERROR] ConditionMgr:805 - Attr not supported : Dmpu
2025-02-24 09:18:39,770 [ERROR] ConditionMgr:805 - Attr not supported : Dmpu
2025-02-24 09:18:39,770 [ERROR] ConditionMgr:805 - Attr not supported : Dmpu
2025-02-24 09:18:39,770 [ERROR] ConditionMgr:805 - Attr not supported : Dmpu
2025-02-24 09:18:39,770 [ERROR] ConditionMgr:805 - Attr not supported : Dmpu
2025-02-24 09:18:39,770 [ERROR] ConditionMgr:805 - Attr not supported : Dmpu
2025-02-24 09:18:39,770 [ERROR] ConditionMgr:805 - Attr not supported : Dmpu
2025-02-24 09:18:39,770 [ERROR] ConditionMgr:805 - Attr not supported : Dmpu
2025-02-24 09:18:39,770 [ERROR] ConditionMgr:805 - Attr not supported : Dmpu
2025-02-24 09:18:39,770 [ERROR] ConditionMgr:805 - Attr not supported : Dmpu
2025-02-24 09:18:39,770 [ERROR] ConditionMgr:805 - Attr not supported : Dmpu
2025-02-24 09:18:39,771 [ERROR] ConditionMgr:805 - Attr not supported : Dmpu
2025-02-24 09:18:39,771 [ERROR] ConditionMgr:805 - Attr not supported : Dmpu
2025-02-24 09:18:39,771 [ERROR] ConditionMgr:805 - Attr not supported : Dmpu
2025-02-24 09:18:39,771 [ERROR] ConditionMgr:805 - Attr not supported : Dmpu
2025-02-24 09:18:39,771 [ERROR] ConditionMgr:805 - Attr not supported : Dmpu
2025-02-24 09:18:39,771 [ERROR] ConditionMgr:805 - Attr not supported : Dmpu
2025-02-24 09:18:39,771 [ERROR] ConditionMgr:805 - Attr not supported : Dmpu
2025-02-24 09:18:39,771 [ERROR] ConditionMgr:805 - Attr not supported : Dmpu
2025-02-24 09:18:39,771 [ERROR] ConditionMgr:805 - Attr not supported : Dmpu
2025-02-24 09:18:39,771 [ERROR] ConditionMgr:805 - Attr not supported : Dmpu
2025-02-24 09:18:39,771 [ERROR] ConditionMgr:805 - Attr not supported : Dmpu
2025-02-24 09:18:39,771 [ERROR] ConditionMgr:805 - Attr not supported : Dmpu
2025-02-24 09:18:39,771 [ERROR] ConditionMgr:805 - Attr not supported : Dmpu
2025-02-24 09:18:39,771 [ERROR] ConditionMgr:805 - Attr not supported : Dmpu
2025-02-24 09:18:39,771 [ERROR] ConditionMgr:805 - Attr not supported : Dmpu
2025-02-24 09:18:39,771 [ERROR] ConditionMgr:805 - Attr not supported : Dmpu
2025-02-24 09:18:39,771 [ERROR] ConditionMgr:805 - Attr not supported : Dmpu
2025-02-24 09:18:39,771 [ERROR] ConditionMgr:805 - Attr not supported : Dmpu
2025-02-24 09:18:39,772 [ERROR] ConditionMgr:805 - Attr not supported : Dmpu
2025-02-24 09:18:39,772 [ERROR] ConditionMgr:805 - Attr not supported : Dmpu
2025-02-24 09:18:39,772 [ERROR] ConditionMgr:805 - Attr not supported : Dmpu
2025-02-24 09:18:39,772 [ERROR] ConditionMgr:805 - Attr not supported : Dmpu
2025-02-24 09:18:39,772 [ERROR] ConditionMgr:805 - Attr not supported : Dmpu
2025-02-24 09:18:39,772 [ERROR] ConditionMgr:805 - Attr not supported : Dmpu
2025-02-24 09:18:39,772 [ERROR] ConditionMgr:805 - Attr not supported : Dmpu
2025-02-24 09:18:39,772 [ERROR] ConditionMgr:805 - Attr not supported : Dmpu
2025-02-24 09:18:39,772 [ERROR] ConditionMgr:805 - Attr not supported : Dmpu
2025-02-24 09:18:39,772 [ERROR] ConditionMgr:805 - Attr not supported : Dmpu
2025-02-24 09:18:39,772 [ERROR] ConditionMgr:805 - Attr not supported : Dmpu
2025-02-24 09:18:39,772 [ERROR] ConditionMgr:805 - Attr not supported : Dmpu
2025-02-24 09:18:39,772 [ERROR] ConditionMgr:805 - Attr not supported : Dmpu
2025-02-24 09:18:39,772 [ERROR] ConditionMgr:805 - Attr not supported : Dmpu
2025-02-24 09:18:39,772 [ERROR] ConditionMgr:805 - Attr not supported : Dmpu
2025-02-24 09:18:39,772 [ERROR] ConditionMgr:805 - Attr not supported : Dmpu
2025-02-24 09:18:39,772 [ERROR] ConditionMgr:805 - Attr not supported : Dmpu
2025-02-24 09:18:39,772 [ERROR] ConditionMgr:805 - Attr not supported : Dmpu
2025-02-24 09:18:39,773 [ERROR] ConditionMgr:805 - Attr not supported : Dmpu
2025-02-24 09:18:39,773 [ERROR] ConditionMgr:805 - Attr not supported : Dmpu
2025-02-24 09:18:39,773 [ERROR] ConditionMgr:805 - Attr not supported : Dmpu
2025-02-24 09:18:39,773 [ERROR] ConditionMgr:805 - Attr not supported : Dmpu
2025-02-24 09:18:39,773 [ERROR] ConditionMgr:805 - Attr not supported : Dmpu
2025-02-24 09:18:39,773 [ERROR] ConditionMgr:805 - Attr not supported : Dmpu
2025-02-24 09:18:39,773 [ERROR] ConditionMgr:805 - Attr not supported : Dmpu
2025-02-24 09:18:39,773 [ERROR] ConditionMgr:805 - Attr not supported : Dmpu
2025-02-24 09:18:39,773 [ERROR] ConditionMgr:805 - Attr not supported : Dmpu
2025-02-24 09:18:39,773 [ERROR] ConditionMgr:805 - Attr not supported : Dmpu
2025-02-24 09:18:39,779 [ERROR] Engine:466 - C:\Users\dtc20\.stm32cubemx\thirdparties\pdsc\STMicroelectronics.X-CUBE-TCPP.4.2.0.pdsc: PDSC version is not supported
2025-02-24 09:18:39,784 [WARN] PackLoader:240 - Cannot read IP mode file for RealThread.X-CUBE-RT-Thread_Nano.4.1.1
2025-02-24 09:18:39,789 [WARN] PackLoader:240 - Cannot read IP mode file for STMicroelectronics.FP-ATR-SIGFOX1.3.2.0
2025-02-24 09:18:39,794 [WARN] PackLoader:240 - Cannot read IP mode file for wolfSSL.I-CUBE-wolfSSL.5.7.2
2025-02-24 09:18:39,800 [WARN] ConditionMgr:438 - getConditionDescription Invalid condition id : Cortex-A Device cause : null
2025-02-24 09:18:39,820 [WARN] ConditionMgr:1039 - genDependencies : Invalid condition id : Cortex-A Device cause : null
2025-02-24 09:18:39,820 [WARN] ConditionMgr:1039 - genDependencies : Invalid condition id : Cortex-A Device cause : null
2025-02-24 09:18:39,820 [WARN] ConditionMgr:1039 - genDependencies : Invalid condition id : Cortex-A Device cause : null
2025-02-24 09:18:39,826 [WARN] PackLoader:240 - Cannot read IP mode file for STMicroelectronics.X-CUBE-EEPRMA1.5.1.0
2025-02-24 09:18:39,833 [WARN] PackLoader:240 - Cannot read IP mode file for ITTIA_DB.I-CUBE-ITTIADB.8.9.0
2025-02-24 09:18:39,862 [WARN] PackLoader:240 - Cannot read IP mode file for SEGGER.I-CUBE-embOS.1.3.1
2025-02-24 09:18:39,894 [WARN] PackLoader:240 - Cannot read IP mode file for STMicroelectronics.X-CUBE-ALGOBUILD.1.4.0
2025-02-24 09:18:39,898 [WARN] PackLoader:240 - Cannot read IP mode file for STMicroelectronics.X-CUBE-AI.9.1.0
2025-02-24 09:18:39,915 [WARN] PackLoader:240 - Cannot read IP mode file for STMicroelectronics.X-CUBE-AZRTOS-F4.1.1.0
2025-02-24 09:18:39,923 [WARN] PackLoader:240 - Cannot read IP mode file for STMicroelectronics.X-CUBE-ISPU.2.1.0
2025-02-24 09:18:39,929 [WARN] PackLoader:240 - Cannot read IP mode file for STMicroelectronics.X-CUBE-FREERTOS.1.2.0
2025-02-24 09:18:39,941 [WARN] PackLoader:240 - Cannot read IP mode file for STMicroelectronics.X-CUBE-AZRTOS-L5.2.0.0
2025-02-24 09:18:39,951 [WARN] PackLoader:240 - Cannot read IP mode file for STMicroelectronics.X-CUBE-NFC6.3.1.0
2025-02-24 09:18:39,960 [WARN] PackLoader:240 - Cannot read IP mode file for STMicroelectronics.X-CUBE-DPower.1.2.0
2025-02-24 09:18:39,966 [WARN] PackLoader:240 - Cannot read IP mode file for STMicroelectronics.X-CUBE-FREERTOS.1.3.0
2025-02-24 09:18:39,971 [WARN] PackLoader:240 - Cannot read IP mode file for STMicroelectronics.X-CUBE-NFC7.1.0.1
2025-02-24 09:18:39,988 [WARN] ConditionMgr:438 - getConditionDescription Invalid condition id : LAN8742 Phy interface Condition cause : null
2025-02-24 09:18:39,989 [WARN] PackLoader:240 - Cannot read IP mode file for STMicroelectronics.X-CUBE-AZRTOS-L4.2.0.0
2025-02-24 09:18:39,991 [WARN] ConditionMgr:1039 - genDependencies : Invalid condition id : LAN8742 Phy interface Condition cause : null
2025-02-24 09:18:39,991 [WARN] ConditionMgr:1039 - genDependencies : Invalid condition id : LAN8742 Phy interface Condition cause : null
2025-02-24 09:18:39,992 [WARN] ConditionMgr:1039 - genDependencies : Invalid condition id : LAN8742 Phy interface Condition cause : null
2025-02-24 09:18:40,001 [WARN] PackLoader:240 - Cannot read IP mode file for STMicroelectronics.X-CUBE-SFXS2LP1.4.0.0
2025-02-24 09:18:40,023 [WARN] PackLoader:240 - Cannot read IP mode file for STMicroelectronics.X-CUBE-AZRTOS-H7.3.3.0
2025-02-24 09:18:40,038 [WARN] PackLoader:240 - Cannot read IP mode file for STMicroelectronics.X-CUBE-IPS.3.0.0
2025-02-24 09:18:40,051 [WARN] ConditionMgr:438 - getConditionDescription Invalid condition id : UX DEVICE CLASS RTOS Condition cause : null
2025-02-24 09:18:40,052 [WARN] ConditionMgr:438 - getConditionDescription Invalid condition id : UX DEVICE CLASS RTOS Condition cause : null
2025-02-24 09:18:40,053 [WARN] PackLoader:240 - Cannot read IP mode file for STMicroelectronics.X-CUBE-AZRTOS-WB.2.0.0
2025-02-24 09:18:40,053 [WARN] ConditionMgr:1039 - genDependencies : Invalid condition id : UX DEVICE CLASS RTOS Condition cause : null
2025-02-24 09:18:40,053 [WARN] ConditionMgr:1039 - genDependencies : Invalid condition id : UX DEVICE CLASS RTOS Condition cause : null
2025-02-24 09:18:40,053 [WARN] ConditionMgr:1039 - genDependencies : Invalid condition id : UX DEVICE CLASS RTOS Condition cause : null
2025-02-24 09:18:40,054 [WARN] ConditionMgr:1039 - genDependencies : Invalid condition id : UX DEVICE CLASS RTOS Condition cause : null
2025-02-24 09:18:40,054 [WARN] ConditionMgr:1039 - genDependencies : Invalid condition id : UX DEVICE CLASS RTOS Condition cause : null
2025-02-24 09:18:40,060 [WARN] PackLoader:240 - Cannot read IP mode file for STMicroelectronics.X-CUBE-GNSS1.7.0.0
2025-02-24 09:18:40,065 [WARN] PackLoader:240 - Cannot read IP mode file for STMicroelectronics.X-CUBE-GNSS1.7.0.1
2025-02-24 09:18:40,071 [WARN] PackLoader:240 - Cannot read IP mode file for STMicroelectronics.FP-SNS-STBOX1.2.0.0
2025-02-24 09:18:40,088 [WARN] PackLoader:240 - Cannot read IP mode file for STMicroelectronics.X-CUBE-SUBG2.5.0.0
2025-02-24 09:18:40,097 [WARN] PackLoader:240 - Cannot read IP mode file for Cesanta.I-CUBE-Mongoose.7.13.0
2025-02-24 09:18:40,106 [WARN] PackLoader:240 - Cannot read IP mode file for STMicroelectronics.X-CUBE-AZRTOS-G4.2.0.0
2025-02-24 09:18:40,111 [ERROR] Engine:466 - C:\Users\dtc20\.stm32cubemx\thirdparties\pdsc\STMicroelectronics.X-CUBE-IPS.3.1.0.pdsc: PDSC version is not supported
2025-02-24 09:18:40,116 [WARN] PackLoader:240 - Cannot read IP mode file for STMicroelectronics.X-CUBE-ALS.1.0.2
2025-02-24 09:18:40,121 [WARN] PackLoader:240 - Cannot read IP mode file for STMicroelectronics.X-CUBE-TOUCHGFX.4.24.2
2025-02-24 09:18:40,125 [WARN] PackLoader:240 - Cannot read IP mode file for STMicroelectronics.X-CUBE-TOUCHGFX.4.24.1
2025-02-24 09:18:40,129 [WARN] PackLoader:240 - Cannot read IP mode file for wolfSSL.I-CUBE-wolfTPM.3.4.0
2025-02-24 09:18:40,135 [WARN] PackLoader:240 - Cannot read IP mode file for portGmbH.I-Cube-SoM-uGOAL.1.1.0
2025-02-24 09:18:40,148 [WARN] PackLoader:240 - Cannot read IP mode file for STMicroelectronics.X-CUBE-AZRTOS-H7RS.1.0.0
2025-02-24 09:18:40,154 [WARN] PackLoader:240 - Cannot read IP mode file for STMicroelectronics.FP-ATR-ASTRA1.2.0.0
2025-02-24 09:18:40,161 [WARN] PackLoader:240 - Cannot read IP mode file for STMicroelectronics.X-CUBE-TOF1.3.4.2
2025-02-24 09:18:40,181 [WARN] PackLoader:240 - Cannot read IP mode file for Infineon.AIROC-Wi-Fi-Bluetooth-STM32.1.6.1
2025-02-24 09:18:40,188 [WARN] PackLoader:240 - Cannot read IP mode file for wolfSSL.I-CUBE-wolfSSH.1.4.17
2025-02-24 09:18:40,189 [INFO] ThirdParty:978 - Integrity check success = true
2025-02-24 09:18:40,189 [INFO] IntegrityCheckThread:100 - exiting critical section [integrity check]
2025-02-24 09:18:40,189 [INFO] IntegrityCheckThread:103 - End integrity checks thread
2025-02-24 09:45:01,007 [INFO] WebApp:189 - Connection lost
2025-02-24 09:45:01,106 [INFO] WebApp:186 - Connection restablished
2025-02-24 09:46:34,996 [INFO] WebApp:189 - Connection lost
2025-02-24 09:46:35,093 [INFO] WebApp:186 - Connection restablished
2025-02-24 09:49:39,508 [INFO] WebApp:189 - Connection lost
2025-02-24 09:49:39,610 [INFO] WebApp:186 - Connection restablished
2025-02-24 10:25:23,746 [INFO] WebApp:189 - Connection lost
2025-02-24 10:25:23,938 [INFO] WebApp:186 - Connection restablished
2025-02-24 10:25:26,009 [INFO] WebApp:189 - Connection lost
2025-02-24 10:25:26,102 [INFO] WebApp:186 - Connection restablished
2025-02-24 12:37:36,998 [INFO] WebApp:189 - Connection lost
2025-02-24 12:37:37,148 [INFO] WebApp:186 - Connection restablished
2025-02-24 12:37:39,013 [INFO] WebApp:189 - Connection lost
2025-02-24 12:37:39,096 [INFO] WebApp:186 - Connection restablished
2025-02-24 12:37:53,002 [INFO] WebApp:189 - Connection lost
2025-02-24 12:37:53,092 [INFO] WebApp:186 - Connection restablished
2025-02-24 12:52:27,048 [ERROR] LogOutputStream:75 - [STDERR_REDIRECT] 
