2025-04-03 22:06:39,604 [INFO] Activator:176 - 


2025-04-03 22:06:39,615 [INFO] Activator:177 - !SESSION log4j initialized
2025-04-03 22:06:52,416 [INFO] LogOutputStream:77 - [STDOUT_REDIRECT] 
2025-04-03 22:06:59,265 [INFO] ApplicationProperties:184 - Using Application install path: C:\ST\STM32CubeIDE_1.16.1\STM32CubeIDE\plugins\com.st.stm32cube.common.mx_6.12.1.202409122256
2025-04-03 22:06:59,300 [INFO] DbMcusXml:78 - Set database path to: C:\ST\STM32CubeIDE_1.16.1\STM32CubeIDE\plugins\com.st.stm32cube.common.mx_6.12.1.202409122256\\db\/mcu/
2025-04-03 22:06:59,301 [INFO] ApiDb:274 - Set plugin database path to: C:\ST\STM32CubeIDE_1.16.1\STM32CubeIDE\plugins\com.st.stm32cube.common.mx_6.12.1.202409122256\\db\/plugins/boardmanager/
2025-04-03 22:06:59,302 [WARN] ApiDb:259 - Overriding images path with different value:  => C:\ST\STM32CubeIDE_1.16.1\STM32CubeIDE\plugins\com.st.stm32cube.common.mx_6.12.1.202409122256\\db\/plugins/mcufinder/images/
2025-04-03 22:06:59,329 [INFO] ApiDb:250 - Set database path to: C:\Users\dtc20\.stmcufinder\plugins\mcufinder//mcu/
2025-04-03 22:06:59,330 [INFO] DbMcusAds:125 - Set database path to: C:\Users\dtc20\.stmcufinder\plugins\mcufinder//mcu/
2025-04-03 22:06:59,335 [INFO] CrossReferenceDbSqlite:203 - Set database path to: C:\Users\dtc20\.stmcufinder\plugins\mcufinder//mcu/cs/
2025-04-03 22:06:59,560 [INFO] RulesReader:64 - Compatibility file has been processed (297 Rules)
2025-04-03 22:06:59,753 [INFO] DbMcusXml:78 - Set database path to: C:\ST\STM32CubeIDE_1.16.1\STM32CubeIDE\plugins\com.st.stm32cube.common.mx_6.12.1.202409122256\\db\/mcu/
2025-04-03 22:06:59,753 [INFO] ApiDb:274 - Set plugin database path to: C:\ST\STM32CubeIDE_1.16.1\STM32CubeIDE\plugins\com.st.stm32cube.common.mx_6.12.1.202409122256\\db\/plugins/boardmanager/
2025-04-03 22:06:59,754 [INFO] ApiDb:261 - Set plugin images path to: C:\ST\STM32CubeIDE_1.16.1\STM32CubeIDE\plugins\com.st.stm32cube.common.mx_6.12.1.202409122256\\db\/plugins/mcufinder/images/
2025-04-03 22:06:59,754 [WARN] DbFile:41 - Overriding database path with different value: C:\Users\dtc20\.stmcufinder\plugins\mcufinder/ => C:\Users\dtc20\.stmcufinder\plugins\mcufinder
2025-04-03 22:06:59,754 [INFO] ApiDb:250 - Set database path to: C:\Users\dtc20\.stmcufinder\plugins\mcufinder//mcu/
2025-04-03 22:06:59,754 [WARN] DbFile:41 - Overriding database path with different value: C:\Users\dtc20\.stmcufinder\plugins\mcufinder/ => C:\Users\dtc20\.stmcufinder\plugins\mcufinder
2025-04-03 22:06:59,754 [INFO] DbMcusAds:125 - Set database path to: C:\Users\dtc20\.stmcufinder\plugins\mcufinder//mcu/
2025-04-03 22:06:59,754 [WARN] DbFile:41 - Overriding database path with different value: C:\Users\dtc20\.stmcufinder\plugins\mcufinder/ => C:\Users\dtc20\.stmcufinder\plugins\mcufinder
2025-04-03 22:06:59,755 [WARN] DbFile:41 - Overriding database path with different value: C:\Users\dtc20\.stmcufinder\plugins\mcufinder/ => C:\Users\dtc20\.stmcufinder\plugins\mcufinder
2025-04-03 22:06:59,755 [INFO] CrossReferenceDbSqlite:203 - Set database path to: C:\Users\dtc20\.stmcufinder\plugins\mcufinder//mcu/cs/
2025-04-03 22:06:59,919 [INFO] MainPanel:268 - HeapMemory: 268435456
2025-04-03 22:07:00,155 [INFO] DbMcusXml:78 - Set database path to: C:\ST\STM32CubeIDE_1.16.1\STM32CubeIDE\plugins\com.st.stm32cube.common.mx_6.12.1.202409122256\\db\/mcu/
2025-04-03 22:07:00,155 [INFO] ApiDb:274 - Set plugin database path to: C:\ST\STM32CubeIDE_1.16.1\STM32CubeIDE\plugins\com.st.stm32cube.common.mx_6.12.1.202409122256\\db\/plugins/boardmanager/
2025-04-03 22:07:00,156 [INFO] ApiDb:261 - Set plugin images path to: C:\ST\STM32CubeIDE_1.16.1\STM32CubeIDE\plugins\com.st.stm32cube.common.mx_6.12.1.202409122256\\db\/plugins/mcufinder/images/
2025-04-03 22:07:00,156 [WARN] DbFile:41 - Overriding database path with different value: C:\Users\dtc20\.stmcufinder\plugins\mcufinder/ => C:\Users\dtc20\.stmcufinder\plugins\mcufinder
2025-04-03 22:07:00,156 [INFO] ApiDb:250 - Set database path to: C:\Users\dtc20\.stmcufinder\plugins\mcufinder//mcu/
2025-04-03 22:07:00,156 [WARN] DbFile:41 - Overriding database path with different value: C:\Users\dtc20\.stmcufinder\plugins\mcufinder/ => C:\Users\dtc20\.stmcufinder\plugins\mcufinder
2025-04-03 22:07:00,156 [INFO] DbMcusAds:125 - Set database path to: C:\Users\dtc20\.stmcufinder\plugins\mcufinder//mcu/
2025-04-03 22:07:00,157 [WARN] DbFile:41 - Overriding database path with different value: C:\Users\dtc20\.stmcufinder\plugins\mcufinder/ => C:\Users\dtc20\.stmcufinder\plugins\mcufinder
2025-04-03 22:07:00,157 [WARN] DbFile:41 - Overriding database path with different value: C:\Users\dtc20\.stmcufinder\plugins\mcufinder/ => C:\Users\dtc20\.stmcufinder\plugins\mcufinder
2025-04-03 22:07:00,157 [INFO] CrossReferenceDbSqlite:203 - Set database path to: C:\Users\dtc20\.stmcufinder\plugins\mcufinder//mcu/cs/
2025-04-03 22:07:00,190 [INFO] ApplicationProperties:184 - Using Application install path: C:\ST\STM32CubeIDE_1.16.1\STM32CubeIDE\plugins\com.st.stm32cube.common.mx_6.12.1.202409122256
2025-04-03 22:07:00,193 [INFO] PluginManage:196 - Search for loadable plugins [exclusion list=, ]
2025-04-03 22:07:00,195 [INFO] PluginManage:310 - Check plugin analytics
2025-04-03 22:07:00,589 [INFO] AnalyticsPlugin:253 - Accepted Software Licenses: STM32CubeMX.6.12.1
2025-04-03 22:07:00,589 [INFO] AnalyticsPlugin:255 - Accepted CMSIS Pack Licenses: 
2025-04-03 22:07:00,590 [INFO] AnalyticsPlugin:257 - Accepted Firmware Licenses: FW.F4.1.28.0
2025-04-03 22:07:00,598 [INFO] PluginManage:359 - Loaded plugin analytics (category:tool,tabindex:-1)
2025-04-03 22:07:00,599 [INFO] PluginManage:310 - Check plugin cadmodel
2025-04-03 22:07:00,649 [INFO] CADModel:105 - Init CAD model plugin
2025-04-03 22:07:00,649 [INFO] PluginManage:359 - Loaded plugin cadmodel (category:power,tabindex:5)
2025-04-03 22:07:00,649 [INFO] PluginManage:310 - Check plugin clock
2025-04-03 22:07:00,705 [INFO] PluginManage:359 - Loaded plugin clock (category:base,tabindex:2)
2025-04-03 22:07:00,706 [INFO] PluginManage:310 - Check plugin ddr
2025-04-03 22:07:00,715 [INFO] PluginManage:359 - Loaded plugin ddr (category:tool,tabindex:6)
2025-04-03 22:07:00,716 [INFO] PluginManage:310 - Check plugin filemanager
2025-04-03 22:07:01,049 [INFO] PluginManage:359 - Loaded plugin filemanager (category:base,tabindex:10)
2025-04-03 22:07:01,049 [INFO] PluginManage:310 - Check plugin ipmanager
2025-04-03 22:07:01,066 [INFO] PluginManage:359 - Loaded plugin ipmanager (category:base,tabindex:5)
2025-04-03 22:07:01,066 [INFO] PluginManage:310 - Check plugin lpbam
2025-04-03 22:07:01,102 [INFO] PluginManage:359 - Loaded plugin lpbam (category:base,tabindex:0)
2025-04-03 22:07:01,102 [INFO] PluginManage:310 - Check plugin memorymap
2025-04-03 22:07:01,167 [INFO] PluginManage:359 - Loaded plugin memorymap (category:base,tabindex:4)
2025-04-03 22:07:01,167 [INFO] PluginManage:310 - Check plugin pinoutandconfiguration
2025-04-03 22:07:01,215 [INFO] PluginManage:359 - Loaded plugin pinoutandconfiguration (category:base,tabindex:1)
2025-04-03 22:07:01,216 [INFO] PluginManage:310 - Check plugin pinoutconfig
2025-04-03 22:07:01,426 [WARN] SupportedApi:132 - Cannot load RTOS API schema: s4s-elt-must-match.1: The content of 'definitions' must match (annotation?, (simpleType | complexType)?, (unique | key | keyref)*)). A problem was found starting at: attribute.
2025-04-03 22:07:01,662 [INFO] PluginManage:359 - Loaded plugin pinoutconfig (category:base,tabindex:0)
2025-04-03 22:07:01,663 [INFO] PluginManage:310 - Check plugin power
2025-04-03 22:07:01,702 [INFO] PluginManage:359 - Loaded plugin power (category:power,tabindex:4)
2025-04-03 22:07:01,703 [INFO] PluginManage:310 - Check plugin projectmanager
2025-04-03 22:07:01,734 [INFO] PluginManage:359 - Loaded plugin projectmanager (category:projectmanager,tabindex:4)
2025-04-03 22:07:01,734 [INFO] PluginManage:310 - Check plugin rif
2025-04-03 22:07:01,774 [INFO] PluginManage:359 - Loaded plugin rif (category:base,tabindex:3)
2025-04-03 22:07:01,774 [INFO] PluginManage:310 - Check plugin thirdparty
2025-04-03 22:07:02,342 [INFO] PluginManage:359 - Loaded plugin thirdparty (category:base,tabindex:-1)
2025-04-03 22:07:02,342 [WARN] IntegrityCheckThread:84 - waiting for thirdparty lock release [integrity check]
2025-04-03 22:07:02,342 [INFO] PluginManage:310 - Check plugin tools
2025-04-03 22:07:02,342 [INFO] IntegrityCheckThread:86 - entering critical section [integrity check]
2025-04-03 22:07:02,343 [INFO] ThirdPartyUpdaterWithRetryManager:70 - Updater plugin not ready yet. [1/15]
2025-04-03 22:07:02,429 [INFO] PluginManage:359 - Loaded plugin tools (category:base,tabindex:7)
2025-04-03 22:07:02,429 [INFO] PluginManage:310 - Check plugin tutovideos
2025-04-03 22:07:02,818 [INFO] PluginManage:359 - Loaded plugin tutovideos (category:base,tabindex:-1)
2025-04-03 22:07:02,818 [INFO] PluginManage:310 - Check plugin updater
2025-04-03 22:07:02,848 [INFO] PluginManage:359 - Loaded plugin updater (category:base,tabindex:12)
2025-04-03 22:07:02,848 [INFO] PluginManage:310 - Check plugin userauth
2025-04-03 22:07:02,858 [INFO] UserAuth:113 - Init User Auth plugin
2025-04-03 22:07:02,858 [INFO] PluginManage:359 - Loaded plugin userauth (category:base,tabindex:14)
2025-04-03 22:07:02,858 [INFO] PluginManage:283 - PluginManage : Loaded plugins [18]
2025-04-03 22:07:03,248 [INFO] PinOutPanel:1561 - setPackage(No Configuration,No Configuration)
2025-04-03 22:07:03,413 [INFO] CADModel:165 - CPN selected for project level
2025-04-03 22:07:03,413 [INFO] CADModel:114 - Register for checkConnection events
2025-04-03 22:07:03,464 [INFO] IPUIPlugin:80 - create IPUIPlugin
2025-04-03 22:07:03,465 [INFO] PluginManager:220 - loadIPPluginJar : add adc
2025-04-03 22:07:03,546 [INFO] IPUIPlugin:80 - create IPUIPlugin
2025-04-03 22:07:03,546 [INFO] PluginManager:220 - loadIPPluginJar : add aes
2025-04-03 22:07:03,639 [INFO] IPUIPlugin:80 - create IPUIPlugin
2025-04-03 22:07:03,640 [INFO] PluginManager:220 - loadIPPluginJar : add can
2025-04-03 22:07:03,695 [INFO] IPUIPlugin:80 - create IPUIPlugin
2025-04-03 22:07:03,695 [INFO] PluginManager:220 - loadIPPluginJar : add comp
2025-04-03 22:07:03,771 [INFO] IPUIPlugin:80 - create IPUIPlugin
2025-04-03 22:07:03,771 [INFO] PluginManager:220 - loadIPPluginJar : add cryp
2025-04-03 22:07:03,799 [INFO] IPUIPlugin:80 - create IPUIPlugin
2025-04-03 22:07:03,799 [INFO] PluginManager:220 - loadIPPluginJar : add ddr_ctrl_phy
2025-04-03 22:07:03,862 [INFO] IPUIPlugin:80 - create IPUIPlugin
2025-04-03 22:07:03,863 [INFO] PluginManager:220 - loadIPPluginJar : add dfsdm
2025-04-03 22:07:03,895 [INFO] IPUIPlugin:80 - create IPUIPlugin
2025-04-03 22:07:03,896 [INFO] PluginManager:220 - loadIPPluginJar : add dma
2025-04-03 22:07:04,019 [INFO] IPUIPlugin:80 - create IPUIPlugin
2025-04-03 22:07:04,019 [INFO] PluginManager:220 - loadIPPluginJar : add dma3
2025-04-03 22:07:04,121 [INFO] IPUIPlugin:80 - create IPUIPlugin
2025-04-03 22:07:04,122 [INFO] PluginManager:220 - loadIPPluginJar : add extmemmanager
2025-04-03 22:07:04,163 [INFO] IPUIPlugin:80 - create IPUIPlugin
2025-04-03 22:07:04,163 [INFO] PluginManager:220 - loadIPPluginJar : add fatfs
2025-04-03 22:07:04,269 [INFO] IPUIPlugin:80 - create IPUIPlugin
2025-04-03 22:07:04,269 [INFO] PluginManager:220 - loadIPPluginJar : add fmc
2025-04-03 22:07:04,302 [INFO] IPUIPlugin:80 - create IPUIPlugin
2025-04-03 22:07:04,303 [INFO] PluginManager:220 - loadIPPluginJar : add freertos
2025-04-03 22:07:04,352 [INFO] IPUIPlugin:80 - create IPUIPlugin
2025-04-03 22:07:04,352 [INFO] PluginManager:220 - loadIPPluginJar : add genericplugin
2025-04-03 22:07:04,559 [INFO] IPUIPlugin:80 - create IPUIPlugin
2025-04-03 22:07:04,559 [INFO] PluginManager:220 - loadIPPluginJar : add gfxmmu
2025-04-03 22:07:04,849 [INFO] IPUIPlugin:80 - create IPUIPlugin
2025-04-03 22:07:04,850 [INFO] PluginManager:220 - loadIPPluginJar : add gic
2025-04-03 22:07:04,878 [INFO] IPUIPlugin:80 - create IPUIPlugin
2025-04-03 22:07:04,878 [INFO] PluginManager:220 - loadIPPluginJar : add gpio
2025-04-03 22:07:05,096 [INFO] IPUIPlugin:80 - create IPUIPlugin
2025-04-03 22:07:05,096 [INFO] PluginManager:220 - loadIPPluginJar : add gtzc
2025-04-03 22:07:05,164 [INFO] IPUIPlugin:80 - create IPUIPlugin
2025-04-03 22:07:05,164 [INFO] PluginManager:220 - loadIPPluginJar : add hash
2025-04-03 22:07:05,283 [INFO] IPUIPlugin:80 - create IPUIPlugin
2025-04-03 22:07:05,284 [INFO] PluginManager:220 - loadIPPluginJar : add i2c
2025-04-03 22:07:05,354 [INFO] ThirdPartyUpdaterWithRetryManager:70 - Updater plugin not ready yet. [2/15]
2025-04-03 22:07:05,394 [INFO] IPUIPlugin:80 - create IPUIPlugin
2025-04-03 22:07:05,394 [INFO] PluginManager:220 - loadIPPluginJar : add i2s
2025-04-03 22:07:05,489 [INFO] IPUIPlugin:80 - create IPUIPlugin
2025-04-03 22:07:05,489 [INFO] PluginManager:220 - loadIPPluginJar : add i3c
2025-04-03 22:07:05,726 [INFO] IPUIPlugin:80 - create IPUIPlugin
2025-04-03 22:07:05,726 [INFO] PluginManager:220 - loadIPPluginJar : add ipddr
2025-04-03 22:07:05,934 [INFO] IPUIPlugin:80 - create IPUIPlugin
2025-04-03 22:07:05,934 [INFO] PluginManager:220 - loadIPPluginJar : add linkedlist
2025-04-03 22:07:06,008 [INFO] IPUIPlugin:80 - create IPUIPlugin
2025-04-03 22:07:06,008 [INFO] PluginManager:220 - loadIPPluginJar : add lorawan
2025-04-03 22:07:06,094 [INFO] IPUIPlugin:80 - create IPUIPlugin
2025-04-03 22:07:06,094 [INFO] PluginManager:220 - loadIPPluginJar : add ltdc
2025-04-03 22:07:06,124 [INFO] IPUIPlugin:80 - create IPUIPlugin
2025-04-03 22:07:06,124 [INFO] PluginManager:220 - loadIPPluginJar : add mdma
2025-04-03 22:07:06,158 [INFO] IPUIPlugin:80 - create IPUIPlugin
2025-04-03 22:07:06,158 [INFO] PluginManager:220 - loadIPPluginJar : add nvic
2025-04-03 22:07:06,250 [INFO] IPUIPlugin:80 - create IPUIPlugin
2025-04-03 22:07:06,250 [INFO] PluginManager:220 - loadIPPluginJar : add opamp
2025-04-03 22:07:06,392 [INFO] IPUIPlugin:80 - create IPUIPlugin
2025-04-03 22:07:06,393 [INFO] PluginManager:220 - loadIPPluginJar : add openamp
2025-04-03 22:07:06,489 [INFO] IPUIPlugin:80 - create IPUIPlugin
2025-04-03 22:07:06,489 [INFO] PluginManager:220 - loadIPPluginJar : add pdm2pcm
2025-04-03 22:07:06,525 [INFO] IPUIPlugin:80 - create IPUIPlugin
2025-04-03 22:07:06,529 [INFO] PluginManager:220 - loadIPPluginJar : add plateformsettings
2025-04-03 22:07:06,579 [INFO] IPUIPlugin:80 - create IPUIPlugin
2025-04-03 22:07:06,579 [INFO] PluginManager:220 - loadIPPluginJar : add quadspi
2025-04-03 22:07:06,654 [INFO] IPUIPlugin:80 - create IPUIPlugin
2025-04-03 22:07:06,656 [INFO] PluginManager:220 - loadIPPluginJar : add radio
2025-04-03 22:07:06,682 [INFO] IPUIPlugin:80 - create IPUIPlugin
2025-04-03 22:07:06,683 [INFO] PluginManager:220 - loadIPPluginJar : add resmgrutility
2025-04-03 22:07:06,789 [INFO] IPUIPlugin:80 - create IPUIPlugin
2025-04-03 22:07:06,789 [INFO] PluginManager:220 - loadIPPluginJar : add sai
2025-04-03 22:07:06,876 [INFO] IPUIPlugin:80 - create IPUIPlugin
2025-04-03 22:07:06,876 [INFO] PluginManager:220 - loadIPPluginJar : add spi
2025-04-03 22:07:07,031 [INFO] IPUIPlugin:80 - create IPUIPlugin
2025-04-03 22:07:07,032 [INFO] PluginManager:220 - loadIPPluginJar : add stm32_wpan
2025-04-03 22:07:07,084 [INFO] IPUIPlugin:80 - create IPUIPlugin
2025-04-03 22:07:07,084 [INFO] PluginManager:220 - loadIPPluginJar : add tim
2025-04-03 22:07:07,217 [INFO] IPUIPlugin:80 - create IPUIPlugin
2025-04-03 22:07:07,218 [INFO] PluginManager:220 - loadIPPluginJar : add touchsensing
2025-04-03 22:07:07,281 [INFO] IPUIPlugin:80 - create IPUIPlugin
2025-04-03 22:07:07,282 [INFO] PluginManager:220 - loadIPPluginJar : add tracer_emb
2025-04-03 22:07:07,342 [INFO] IPUIPlugin:80 - create IPUIPlugin
2025-04-03 22:07:07,342 [INFO] PluginManager:220 - loadIPPluginJar : add ts
2025-04-03 22:07:07,388 [INFO] IPUIPlugin:80 - create IPUIPlugin
2025-04-03 22:07:07,389 [INFO] PluginManager:220 - loadIPPluginJar : add tsc
2025-04-03 22:07:07,442 [INFO] IPUIPlugin:80 - create IPUIPlugin
2025-04-03 22:07:07,442 [INFO] PluginManager:220 - loadIPPluginJar : add ucpd
2025-04-03 22:07:07,570 [INFO] IPUIPlugin:80 - create IPUIPlugin
2025-04-03 22:07:07,570 [INFO] PluginManager:220 - loadIPPluginJar : add usart
2025-04-03 22:07:07,670 [INFO] IPUIPlugin:80 - create IPUIPlugin
2025-04-03 22:07:07,670 [INFO] PluginManager:220 - loadIPPluginJar : add usbx
2025-04-03 22:07:07,843 [INFO] CADModel:165 - CPN selected for project level
2025-04-03 22:07:07,843 [INFO] CADModel:114 - Register for checkConnection events
2025-04-03 22:07:07,845 [FATAL] Updater:334 - Updater called before beeing initialized
2025-04-03 22:07:07,845 [ERROR] CADModel:125 - Updater not yet initialized, retry later 
2025-04-03 22:07:08,110 [INFO] CADModel:165 - CPN selected for project level
2025-04-03 22:07:08,111 [INFO] CADModel:114 - Register for checkConnection events
2025-04-03 22:07:08,111 [FATAL] Updater:334 - Updater called before beeing initialized
2025-04-03 22:07:08,111 [ERROR] CADModel:125 - Updater not yet initialized, retry later 
2025-04-03 22:07:08,117 [FATAL] Updater:334 - Updater called before beeing initialized
2025-04-03 22:07:08,331 [FATAL] Updater:334 - Updater called before beeing initialized
2025-04-03 22:07:08,355 [INFO] DbMcusAds:53 - JSON generation date=Thu Mar 06 22:54:21 SGT 2025 (1741272861825)
2025-04-03 22:07:08,355 [FATAL] Updater:334 - Updater called before beeing initialized
2025-04-03 22:07:08,369 [INFO] ThirdPartyUpdaterWithRetryManager:70 - Updater plugin not ready yet. [3/15]
2025-04-03 22:07:08,432 [WARN] DetailPanel:346 - Failed to get advertising image, set to default
2025-04-03 22:07:08,613 [FATAL] Updater:334 - Updater called before beeing initialized
2025-04-03 22:07:08,616 [FATAL] Updater:334 - Updater called before beeing initialized
2025-04-03 22:07:08,616 [FATAL] Updater:334 - Updater called before beeing initialized
2025-04-03 22:07:08,616 [WARN] DetailPanel:346 - Failed to get advertising image, set to default
2025-04-03 22:07:08,618 [FATAL] Updater:334 - Updater called before beeing initialized
2025-04-03 22:07:08,735 [ERROR] Updater:1164 - MainUpdater not yet initialized. External WinMGr cannot be set.
2025-04-03 22:07:08,759 [INFO] Updater:1100 - Updater Version found : 6.12.1
2025-04-03 22:07:08,797 [INFO] ApplicationProperties:184 - Using Application install path: C:\ST\STM32CubeIDE_1.16.1\STM32CubeIDE\plugins\com.st.stm32cube.common.mx_6.12.1.202409122256
2025-04-03 22:07:10,418 [ERROR] LogOutputStream:75 - [STDERR_REDIRECT] Apr 03, 2025 10:07:10 PM java.util.prefs.WindowsPreferences <init>
2025-04-03 22:07:10,423 [ERROR] LogOutputStream:75 - [STDERR_REDIRECT] WARNING: Could not open/create prefs root node Software\JavaSoft\Prefs at root 0xffffffff80000002. Windows RegCreateKeyEx(...) returned error code 5.
2025-04-03 22:07:10,423 [ERROR] LogOutputStream:75 - [STDERR_REDIRECT] 
2025-04-03 22:07:11,139 [INFO] MainUpdater:2873 - connection check result : 10
2025-04-03 22:07:11,141 [INFO] MainUpdater:290 - Updater Check For Update Now.
2025-04-03 22:07:11,141 [INFO] MicroXplorer:498 - Change Database Version : DB.6.0.121
2025-04-03 22:07:11,181 [INFO] McuFinderGlobals:63 - Set McuFinder mode to 2 (CubeIDE integrated)
2025-04-03 22:07:11,199 [INFO] UserAuth:417 - Internet connection configuration mode: 1
2025-04-03 22:07:11,315 [INFO] JxBrowserEngine:152 - Initiate JxBrowser Engine with user profile folder
2025-04-03 22:07:11,373 [WARN] MainUpdater:1194 - Updater busy. Cannot search thirdparties
2025-04-03 22:07:11,374 [INFO] ThirdPartyUpdaterWithRetryManager:96 - Updater plugin is busy. [1/15]
2025-04-03 22:07:11,515 [INFO] CheckServerUpdateThread:120 - End of CheckServer Thread
2025-04-03 22:07:14,909 [WARN] PackLoader:240 - Cannot read IP mode file for STMicroelectronics.FP-SNS-MOTENVWB1.1.4.0
2025-04-03 22:07:14,941 [WARN] PackLoader:240 - Cannot read IP mode file for STMicroelectronics.FP-ATR-ASTRA1.2.0.2
2025-04-03 22:07:14,966 [WARN] PackLoader:240 - Cannot read IP mode file for STMicroelectronics.FP-ATR-ASTRA1.2.0.1
2025-04-03 22:07:14,998 [WARN] PackLoader:240 - Cannot read IP mode file for STMicroelectronics.X-CUBE-SMBUS.2.1.0
2025-04-03 22:07:15,028 [WARN] PackLoader:240 - Cannot read IP mode file for STMicroelectronics.X-CUBE-WB05N.1.1.0
2025-04-03 22:07:15,112 [WARN] PackLoader:240 - Cannot read IP mode file for STMicroelectronics.X-CUBE-AZRTOS-F7.1.1.0
2025-04-03 22:07:15,262 [WARN] PackLoader:240 - Cannot read IP mode file for STMicroelectronics.X-CUBE-MEMS1.11.0.0
2025-04-03 22:07:15,599 [WARN] PackLoader:240 - Cannot read IP mode file for STMicroelectronics.FP-SNS-FLIGHT1.5.0.2
2025-04-03 22:07:15,643 [WARN] PackLoader:240 - Cannot read IP mode file for STMicroelectronics.X-CUBE-DISPLAY.3.0.0
2025-04-03 22:07:15,676 [WARN] PackLoader:240 - Cannot read IP mode file for STMicroelectronics.X-CUBE-BLE1.7.0.0
2025-04-03 22:07:15,705 [WARN] PackLoader:240 - Cannot read IP mode file for STMicroelectronics.X-CUBE-NFC10.1.0.0
2025-04-03 22:07:15,741 [WARN] PackLoader:240 - Cannot read IP mode file for STMicroelectronics.X-CUBE-BLEMGR.4.0.0
2025-04-03 22:07:15,780 [WARN] PackLoader:240 - Cannot read IP mode file for emotas.I-CUBE-CANOPEN.1.3.0
2025-04-03 22:07:15,813 [WARN] PackLoader:240 - Cannot read IP mode file for STMicroelectronics.X-CUBE-BLEMGR.3.1.0
2025-04-03 22:07:15,840 [WARN] PackLoader:240 - Cannot read IP mode file for STMicroelectronics.X-CUBE-AI.10.0.0
2025-04-03 22:07:15,865 [WARN] PackLoader:240 - Cannot read IP mode file for STMicroelectronics.FP-SNS-SMARTAG2.1.2.0
2025-04-03 22:07:15,893 [ERROR] Engine:466 - C:\Users\dtc20\.stm32cubemx\thirdparties\pdsc\STMicroelectronics.FP-SNS-FLIGHT1.5.1.0.pdsc: PDSC version is not supported
2025-04-03 22:07:16,107 [WARN] PackLoader:240 - Cannot read IP mode file for STMicroelectronics.X-CUBE-MEMS1.11.1.0
2025-04-03 22:07:16,416 [INFO] LogOutputStream:77 - [STDOUT_REDIRECT] 1 : Invalid condition id : UX_CORESTACK_Condition cause : null
2025-04-03 22:07:16,417 [INFO] LogOutputStream:77 - [STDOUT_REDIRECT] 1 : Invalid condition id : UX_CORESTACK_Condition cause : null
2025-04-03 22:07:16,420 [INFO] LogOutputStream:77 - [STDOUT_REDIRECT] 1 : Invalid condition id : UX_CORESTACK_Condition cause : null
2025-04-03 22:07:16,423 [INFO] LogOutputStream:77 - [STDOUT_REDIRECT] 1 : Invalid condition id : UX_CORESTACK_Condition cause : null
2025-04-03 22:07:16,425 [INFO] LogOutputStream:77 - [STDOUT_REDIRECT] 1 : Invalid condition id : UX_CORESTACK_Condition cause : null
2025-04-03 22:07:16,431 [WARN] PackLoader:240 - Cannot read IP mode file for STMicroelectronics.X-CUBE-AZRTOS-WL.2.0.0
2025-04-03 22:07:16,464 [WARN] PackLoader:240 - Cannot read IP mode file for STMicroelectronics.FP-SNS-MOTENV1.5.0.0
2025-04-03 22:07:16,490 [WARN] PackLoader:240 - Cannot read IP mode file for wolfSSL.I-CUBE-wolfMQTT.1.19.0
2025-04-03 22:07:16,523 [WARN] PackLoader:240 - Cannot read IP mode file for WES.I-CUBE-Cesium.1.3.0
2025-04-03 22:07:16,547 [WARN] PackLoader:240 - Cannot read IP mode file for STMicroelectronics.X-CUBE-BLE2.3.3.0
2025-04-03 22:07:16,574 [WARN] PackLoader:240 - Cannot read IP mode file for STMicroelectronics.X-CUBE-NFC9.1.0.0
2025-04-03 22:07:16,600 [WARN] PackLoader:240 - Cannot read IP mode file for STMicroelectronics.X-CUBE-BLE1.7.1.0
2025-04-03 22:07:16,625 [WARN] PackLoader:240 - Cannot read IP mode file for STMicroelectronics.X-CUBE-TCPP.4.1.0
2025-04-03 22:07:16,676 [WARN] PackLoader:240 - Cannot read IP mode file for STMicroelectronics.X-CUBE-AZRTOS-G0.1.1.0
2025-04-03 22:07:16,707 [WARN] PackLoader:240 - Cannot read IP mode file for STMicroelectronics.X-CUBE-SAFEA1.1.2.2
2025-04-03 22:07:16,740 [WARN] PackLoader:240 - Cannot read IP mode file for STMicroelectronics.X-CUBE-NFC4.3.0.0
2025-04-03 22:07:16,782 [WARN] PackLoader:240 - Cannot read IP mode file for EmbeddedOffice.I-CUBE-FS-RTOS.1.0.1
2025-04-03 22:07:16,782 [ERROR] ConditionMgr:805 - Attr not supported : Dmpu
2025-04-03 22:07:16,783 [ERROR] ConditionMgr:805 - Attr not supported : Dmpu
2025-04-03 22:07:16,783 [ERROR] ConditionMgr:805 - Attr not supported : Dmpu
2025-04-03 22:07:16,783 [ERROR] ConditionMgr:805 - Attr not supported : Dmpu
2025-04-03 22:07:16,783 [ERROR] ConditionMgr:805 - Attr not supported : Dmpu
2025-04-03 22:07:16,784 [ERROR] ConditionMgr:805 - Attr not supported : Dmpu
2025-04-03 22:07:16,784 [ERROR] ConditionMgr:805 - Attr not supported : Dmpu
2025-04-03 22:07:16,784 [ERROR] ConditionMgr:805 - Attr not supported : Dmpu
2025-04-03 22:07:16,784 [ERROR] ConditionMgr:805 - Attr not supported : Dmpu
2025-04-03 22:07:16,784 [ERROR] ConditionMgr:805 - Attr not supported : Dmpu
2025-04-03 22:07:16,785 [ERROR] ConditionMgr:805 - Attr not supported : Dmpu
2025-04-03 22:07:16,785 [ERROR] ConditionMgr:805 - Attr not supported : Dmpu
2025-04-03 22:07:16,785 [ERROR] ConditionMgr:805 - Attr not supported : Dmpu
2025-04-03 22:07:16,785 [ERROR] ConditionMgr:805 - Attr not supported : Dmpu
2025-04-03 22:07:16,785 [ERROR] ConditionMgr:805 - Attr not supported : Dmpu
2025-04-03 22:07:16,786 [ERROR] ConditionMgr:805 - Attr not supported : Dmpu
2025-04-03 22:07:16,786 [ERROR] ConditionMgr:805 - Attr not supported : Dmpu
2025-04-03 22:07:16,786 [ERROR] ConditionMgr:805 - Attr not supported : Dmpu
2025-04-03 22:07:16,786 [ERROR] ConditionMgr:805 - Attr not supported : Dmpu
2025-04-03 22:07:16,786 [ERROR] ConditionMgr:805 - Attr not supported : Dmpu
2025-04-03 22:07:16,786 [ERROR] ConditionMgr:805 - Attr not supported : Dmpu
2025-04-03 22:07:16,788 [ERROR] ConditionMgr:805 - Attr not supported : Dmpu
2025-04-03 22:07:16,788 [ERROR] ConditionMgr:805 - Attr not supported : Dmpu
2025-04-03 22:07:16,788 [ERROR] ConditionMgr:805 - Attr not supported : Dmpu
2025-04-03 22:07:16,788 [ERROR] ConditionMgr:805 - Attr not supported : Dmpu
2025-04-03 22:07:16,788 [ERROR] ConditionMgr:805 - Attr not supported : Dmpu
2025-04-03 22:07:16,788 [ERROR] ConditionMgr:805 - Attr not supported : Dmpu
2025-04-03 22:07:16,788 [ERROR] ConditionMgr:805 - Attr not supported : Dmpu
2025-04-03 22:07:16,789 [ERROR] ConditionMgr:805 - Attr not supported : Dmpu
2025-04-03 22:07:16,789 [ERROR] ConditionMgr:805 - Attr not supported : Dmpu
2025-04-03 22:07:16,789 [ERROR] ConditionMgr:805 - Attr not supported : Dmpu
2025-04-03 22:07:16,789 [ERROR] ConditionMgr:805 - Attr not supported : Dmpu
2025-04-03 22:07:16,789 [ERROR] ConditionMgr:805 - Attr not supported : Dmpu
2025-04-03 22:07:16,789 [ERROR] ConditionMgr:805 - Attr not supported : Dmpu
2025-04-03 22:07:16,789 [ERROR] ConditionMgr:805 - Attr not supported : Dmpu
2025-04-03 22:07:16,789 [ERROR] ConditionMgr:805 - Attr not supported : Dmpu
2025-04-03 22:07:16,789 [ERROR] ConditionMgr:805 - Attr not supported : Dmpu
2025-04-03 22:07:16,790 [ERROR] ConditionMgr:805 - Attr not supported : Dmpu
2025-04-03 22:07:16,790 [ERROR] ConditionMgr:805 - Attr not supported : Dmpu
2025-04-03 22:07:16,790 [ERROR] ConditionMgr:805 - Attr not supported : Dmpu
2025-04-03 22:07:16,790 [ERROR] ConditionMgr:805 - Attr not supported : Dmpu
2025-04-03 22:07:16,790 [ERROR] ConditionMgr:805 - Attr not supported : Dmpu
2025-04-03 22:07:16,790 [ERROR] ConditionMgr:805 - Attr not supported : Dmpu
2025-04-03 22:07:16,790 [ERROR] ConditionMgr:805 - Attr not supported : Dmpu
2025-04-03 22:07:16,790 [ERROR] ConditionMgr:805 - Attr not supported : Dmpu
2025-04-03 22:07:16,790 [ERROR] ConditionMgr:805 - Attr not supported : Dmpu
2025-04-03 22:07:16,791 [ERROR] ConditionMgr:805 - Attr not supported : Dmpu
2025-04-03 22:07:16,791 [ERROR] ConditionMgr:805 - Attr not supported : Dmpu
2025-04-03 22:07:16,791 [ERROR] ConditionMgr:805 - Attr not supported : Dmpu
2025-04-03 22:07:16,791 [ERROR] ConditionMgr:805 - Attr not supported : Dmpu
2025-04-03 22:07:16,791 [ERROR] ConditionMgr:805 - Attr not supported : Dmpu
2025-04-03 22:07:16,791 [ERROR] ConditionMgr:805 - Attr not supported : Dmpu
2025-04-03 22:07:16,791 [ERROR] ConditionMgr:805 - Attr not supported : Dmpu
2025-04-03 22:07:16,791 [ERROR] ConditionMgr:805 - Attr not supported : Dmpu
2025-04-03 22:07:16,791 [ERROR] ConditionMgr:805 - Attr not supported : Dmpu
2025-04-03 22:07:16,791 [ERROR] ConditionMgr:805 - Attr not supported : Dmpu
2025-04-03 22:07:16,791 [ERROR] ConditionMgr:805 - Attr not supported : Dmpu
2025-04-03 22:07:16,791 [ERROR] ConditionMgr:805 - Attr not supported : Dmpu
2025-04-03 22:07:16,792 [ERROR] ConditionMgr:805 - Attr not supported : Dmpu
2025-04-03 22:07:16,792 [ERROR] ConditionMgr:805 - Attr not supported : Dmpu
2025-04-03 22:07:16,792 [ERROR] ConditionMgr:805 - Attr not supported : Dmpu
2025-04-03 22:07:16,792 [ERROR] ConditionMgr:805 - Attr not supported : Dmpu
2025-04-03 22:07:16,792 [ERROR] ConditionMgr:805 - Attr not supported : Dmpu
2025-04-03 22:07:16,792 [ERROR] ConditionMgr:805 - Attr not supported : Dmpu
2025-04-03 22:07:16,819 [ERROR] Engine:466 - C:\Users\dtc20\.stm32cubemx\thirdparties\pdsc\STMicroelectronics.X-CUBE-TCPP.4.2.0.pdsc: PDSC version is not supported
2025-04-03 22:07:16,850 [WARN] PackLoader:240 - Cannot read IP mode file for RealThread.X-CUBE-RT-Thread_Nano.4.1.1
2025-04-03 22:07:16,879 [WARN] PackLoader:240 - Cannot read IP mode file for STMicroelectronics.FP-ATR-SIGFOX1.3.2.0
2025-04-03 22:07:16,907 [WARN] PackLoader:240 - Cannot read IP mode file for wolfSSL.I-CUBE-wolfSSL.5.7.2
2025-04-03 22:07:16,937 [WARN] ConditionMgr:438 - getConditionDescription Invalid condition id : Cortex-A Device cause : null
2025-04-03 22:07:16,990 [WARN] ConditionMgr:1039 - genDependencies : Invalid condition id : Cortex-A Device cause : null
2025-04-03 22:07:16,991 [WARN] ConditionMgr:1039 - genDependencies : Invalid condition id : Cortex-A Device cause : null
2025-04-03 22:07:16,991 [WARN] ConditionMgr:1039 - genDependencies : Invalid condition id : Cortex-A Device cause : null
2025-04-03 22:07:17,018 [WARN] PackLoader:240 - Cannot read IP mode file for STMicroelectronics.X-CUBE-EEPRMA1.5.1.0
2025-04-03 22:07:17,046 [WARN] PackLoader:240 - Cannot read IP mode file for ITTIA_DB.I-CUBE-ITTIADB.8.9.0
2025-04-03 22:07:17,110 [WARN] PackLoader:240 - Cannot read IP mode file for SEGGER.I-CUBE-embOS.1.3.1
2025-04-03 22:07:17,203 [WARN] PackLoader:240 - Cannot read IP mode file for STMicroelectronics.X-CUBE-ALGOBUILD.1.4.0
2025-04-03 22:07:17,228 [WARN] PackLoader:240 - Cannot read IP mode file for STMicroelectronics.X-CUBE-AI.9.1.0
2025-04-03 22:07:17,312 [WARN] PackLoader:240 - Cannot read IP mode file for STMicroelectronics.X-CUBE-AZRTOS-F4.1.1.0
2025-04-03 22:07:17,354 [WARN] PackLoader:240 - Cannot read IP mode file for STMicroelectronics.X-CUBE-ISPU.2.1.0
2025-04-03 22:07:17,405 [WARN] PackLoader:240 - Cannot read IP mode file for STMicroelectronics.X-CUBE-FREERTOS.1.2.0
2025-04-03 22:07:17,455 [WARN] PackLoader:240 - Cannot read IP mode file for STMicroelectronics.X-CUBE-AZRTOS-L5.2.0.0
2025-04-03 22:07:17,488 [WARN] PackLoader:240 - Cannot read IP mode file for STMicroelectronics.X-CUBE-NFC6.3.1.0
2025-04-03 22:07:17,516 [WARN] PackLoader:240 - Cannot read IP mode file for STMicroelectronics.X-CUBE-DPower.1.2.0
2025-04-03 22:07:17,537 [WARN] PackLoader:240 - Cannot read IP mode file for STMicroelectronics.X-CUBE-FREERTOS.1.3.0
2025-04-03 22:07:17,563 [WARN] PackLoader:240 - Cannot read IP mode file for STMicroelectronics.X-CUBE-NFC7.1.0.1
2025-04-03 22:07:17,588 [WARN] PackLoader:240 - Cannot read IP mode file for STMicroelectronics.X-CUBE-DPower.1.3.0
2025-04-03 22:07:17,643 [WARN] ConditionMgr:438 - getConditionDescription Invalid condition id : LAN8742 Phy interface Condition cause : null
2025-04-03 22:07:17,644 [WARN] PackLoader:240 - Cannot read IP mode file for STMicroelectronics.X-CUBE-AZRTOS-L4.2.0.0
2025-04-03 22:07:17,647 [WARN] ConditionMgr:1039 - genDependencies : Invalid condition id : LAN8742 Phy interface Condition cause : null
2025-04-03 22:07:17,647 [WARN] ConditionMgr:1039 - genDependencies : Invalid condition id : LAN8742 Phy interface Condition cause : null
2025-04-03 22:07:17,648 [WARN] ConditionMgr:1039 - genDependencies : Invalid condition id : LAN8742 Phy interface Condition cause : null
2025-04-03 22:07:17,693 [WARN] PackLoader:240 - Cannot read IP mode file for STMicroelectronics.X-CUBE-SFXS2LP1.4.0.0
2025-04-03 22:07:17,897 [WARN] PackLoader:240 - Cannot read IP mode file for STMicroelectronics.X-CUBE-AZRTOS-H7.3.3.0
2025-04-03 22:07:17,971 [WARN] PackLoader:240 - Cannot read IP mode file for STMicroelectronics.X-CUBE-IPS.3.0.0
2025-04-03 22:07:18,025 [WARN] ConditionMgr:438 - getConditionDescription Invalid condition id : UX DEVICE CLASS RTOS Condition cause : null
2025-04-03 22:07:18,025 [WARN] ConditionMgr:438 - getConditionDescription Invalid condition id : UX DEVICE CLASS RTOS Condition cause : null
2025-04-03 22:07:18,028 [WARN] PackLoader:240 - Cannot read IP mode file for STMicroelectronics.X-CUBE-AZRTOS-WB.2.0.0
2025-04-03 22:07:18,029 [WARN] ConditionMgr:1039 - genDependencies : Invalid condition id : UX DEVICE CLASS RTOS Condition cause : null
2025-04-03 22:07:18,030 [WARN] ConditionMgr:1039 - genDependencies : Invalid condition id : UX DEVICE CLASS RTOS Condition cause : null
2025-04-03 22:07:18,030 [WARN] ConditionMgr:1039 - genDependencies : Invalid condition id : UX DEVICE CLASS RTOS Condition cause : null
2025-04-03 22:07:18,031 [WARN] ConditionMgr:1039 - genDependencies : Invalid condition id : UX DEVICE CLASS RTOS Condition cause : null
2025-04-03 22:07:18,031 [WARN] ConditionMgr:1039 - genDependencies : Invalid condition id : UX DEVICE CLASS RTOS Condition cause : null
2025-04-03 22:07:18,058 [WARN] PackLoader:240 - Cannot read IP mode file for STMicroelectronics.X-CUBE-GNSS1.7.0.0
2025-04-03 22:07:18,081 [WARN] PackLoader:240 - Cannot read IP mode file for STMicroelectronics.X-CUBE-GNSS1.7.0.1
2025-04-03 22:07:18,113 [WARN] PackLoader:240 - Cannot read IP mode file for STMicroelectronics.X-CUBE-TOUCHGFX.4.25.0
2025-04-03 22:07:18,138 [WARN] PackLoader:240 - Cannot read IP mode file for STMicroelectronics.FP-SNS-STBOX1.2.0.0
2025-04-03 22:07:18,173 [WARN] PackLoader:240 - Cannot read IP mode file for STMicroelectronics.X-CUBE-SUBG2.5.0.0
2025-04-03 22:07:18,243 [WARN] PackLoader:240 - Cannot read IP mode file for STMicroelectronics.X-CUBE-AZRTOS-H7RS.1.1.0
2025-04-03 22:07:18,272 [WARN] PackLoader:240 - Cannot read IP mode file for Cesanta.I-CUBE-Mongoose.7.13.0
2025-04-03 22:07:18,316 [WARN] PackLoader:240 - Cannot read IP mode file for STMicroelectronics.X-CUBE-AZRTOS-G4.2.0.0
2025-04-03 22:07:18,342 [ERROR] Engine:466 - C:\Users\dtc20\.stm32cubemx\thirdparties\pdsc\STMicroelectronics.X-CUBE-IPS.3.1.0.pdsc: PDSC version is not supported
2025-04-03 22:07:18,365 [WARN] PackLoader:240 - Cannot read IP mode file for STMicroelectronics.X-CUBE-ALS.1.0.2
2025-04-03 22:07:18,387 [WARN] PackLoader:240 - Cannot read IP mode file for STMicroelectronics.X-CUBE-TOUCHGFX.4.24.2
2025-04-03 22:07:18,411 [WARN] PackLoader:240 - Cannot read IP mode file for STMicroelectronics.X-CUBE-TOUCHGFX.4.24.1
2025-04-03 22:07:18,443 [WARN] PackLoader:240 - Cannot read IP mode file for wolfSSL.I-CUBE-wolfTPM.3.4.0
2025-04-03 22:07:18,479 [WARN] PackLoader:240 - Cannot read IP mode file for portGmbH.I-Cube-SoM-uGOAL.1.1.0
2025-04-03 22:07:18,532 [WARN] PackLoader:240 - Cannot read IP mode file for STMicroelectronics.X-CUBE-AZRTOS-H7RS.1.0.0
2025-04-03 22:07:18,564 [WARN] PackLoader:240 - Cannot read IP mode file for STMicroelectronics.FP-ATR-ASTRA1.2.0.0
2025-04-03 22:07:18,607 [WARN] PackLoader:240 - Cannot read IP mode file for STMicroelectronics.X-CUBE-TOF1.3.4.2
2025-04-03 22:07:18,678 [WARN] PackLoader:240 - Cannot read IP mode file for Infineon.AIROC-Wi-Fi-Bluetooth-STM32.1.6.1
2025-04-03 22:07:18,708 [WARN] PackLoader:240 - Cannot read IP mode file for wolfSSL.I-CUBE-wolfSSH.1.4.17
2025-04-03 22:07:18,709 [INFO] ThirdParty:978 - Integrity check success = true
2025-04-03 22:07:18,710 [INFO] IntegrityCheckThread:100 - exiting critical section [integrity check]
2025-04-03 22:07:18,710 [INFO] IntegrityCheckThread:103 - End integrity checks thread
2025-04-03 22:07:18,949 [INFO] WebApp:167 - Instantiating new browser for Auth
2025-04-03 22:07:20,303 [INFO] WebApp:448 - Apply proxy settings
2025-04-03 22:07:20,305 [INFO] WebApp:533 - Chromium requires no authentication
2025-04-03 22:07:20,320 [INFO] WebApp:476 - Direct internet connection detected
2025-04-03 22:07:20,374 [INFO] WebApp:869 - Register for checkConnection events
2025-04-03 22:07:20,374 [INFO] WebApp:448 - Apply proxy settings
2025-04-03 22:07:20,375 [INFO] WebApp:533 - Chromium requires no authentication
2025-04-03 22:07:20,375 [INFO] WebApp:476 - Direct internet connection detected
2025-04-03 22:07:20,587 [INFO] WebApp:186 - Connection restablished
2025-04-03 22:07:20,815 [INFO] WebApp:220 - Starting web application
2025-04-03 22:07:20,816 [INFO] WebApp:578 - Web application path used C:\ST\STM32CubeIDE_1.16.1\STM32CubeIDE\plugins\com.st.stm32cube.common.mx_6.12.1.202409122256\db\plugins\mcufinder\reactClient1\index.html
2025-04-03 22:07:21,137 [INFO] UserAuth:417 - Internet connection configuration mode: 1
2025-04-03 23:07:12,126 [INFO] WebApp:189 - Connection lost
2025-04-03 23:07:12,267 [INFO] WebApp:186 - Connection restablished
2025-04-03 23:13:53,971 [ERROR] LogOutputStream:75 - [STDERR_REDIRECT] 
